#
# There is insufficient memory for the Java Runtime Environment to continue.
# Native memory allocation (mmap) failed to map 132120576 bytes for G1 virtual space
# Possible reasons:
#   The system is out of physical RAM or swap space
#   The process is running with CompressedOops enabled, and the Java Heap may be blocking the growth of the native heap
# Possible solutions:
#   Reduce memory load on the system
#   Increase physical memory or swap space
#   Check if swap backing store is full
#   Decrease Java heap size (-Xmx/-Xms)
#   Decrease number of Java threads
#   Decrease Java thread stack sizes (-Xss)
#   Set larger code cache with -XX:ReservedCodeCacheSize=
#   JVM is running with Unscaled Compressed Oops mode in which the Java heap is
#     placed in the first 4GB address space. The Java Heap base address is the
#     maximum limit for the native heap growth. Please use -XX:HeapBaseMinAddress
#     to set the Java Heap base and to place the Java Heap above 4GB virtual address.
# This output file may be truncated or incomplete.
#
#  Out of Memory Error (os_windows.cpp:3532), pid=16684, tid=8508
#
# JRE version:  (17.0.2+8) (build )
# Java VM: Java HotSpot(TM) 64-Bit Server VM (17.0.2+8-LTS-86, mixed mode, sharing, tiered, compressed oops, compressed class ptrs, g1 gc, windows-amd64)
# No core dump will be written. Minidumps are not enabled by default on client versions of Windows
#

---------------  S U M M A R Y ------------

Command Line: -Dfile.encoding=UTF-8 --module-path=C:\Users\dubey\Documents\NetBeansProjects\University Management System\build\classes university.management.system.Login1

Host: 11th Gen Intel(R) Core(TM) i5-1135G7 @ 2.40GHz, 8 cores, 7G,  Windows 11 , 64 bit Build 26100 (10.0.26100.3037)
Time: Sat Feb 15 18:25:05 2025 India Standard Time elapsed time: 2.038725 seconds (0d 0h 0m 2s)

---------------  T H R E A D  ---------------

Current thread (0x000001be9ec5eeb0):  JavaThread "Unknown thread" [_thread_in_vm, id=8508, stack(0x0000000247100000,0x0000000247200000)]

Stack: [0x0000000247100000,0x0000000247200000]
Native frames: (J=compiled Java code, j=interpreted, Vv=VM code, C=native code)
V  [jvm.dll+0x670baa]
V  [jvm.dll+0x7cfcb4]
V  [jvm.dll+0x7d145e]
V  [jvm.dll+0x7d1ac3]
V  [jvm.dll+0x242bc5]
V  [jvm.dll+0x66dac9]
V  [jvm.dll+0x662412]
V  [jvm.dll+0x300c0b]
V  [jvm.dll+0x3081a6]
V  [jvm.dll+0x357d0e]
V  [jvm.dll+0x357f3f]
V  [jvm.dll+0x2d7ec8]
V  [jvm.dll+0x2d8e34]
V  [jvm.dll+0x7a18c1]
V  [jvm.dll+0x365a91]
V  [jvm.dll+0x780d2c]
V  [jvm.dll+0x3e845f]
V  [jvm.dll+0x3e9f01]
C  [jli.dll+0x527b]
C  [ucrtbase.dll+0x37b0]
C  [KERNEL32.DLL+0x2e8d7]
C  [ntdll.dll+0xbbf2c]


---------------  P R O C E S S  ---------------

Threads class SMR info:
_java_thread_list=0x00007ffb31dc9858, length=0, elements={
}

Java Threads: ( => current thread )

Other Threads:
  0x000001be9ec9b030 GCTaskThread "GC Thread#0" [stack: 0x0000000247200000,0x0000000247300000] [id=5344]
  0x000001be9ecab8b0 ConcurrentGCThread "G1 Main Marker" [stack: 0x0000000247300000,0x0000000247400000] [id=13848]
  0x000001be9ecac2c0 ConcurrentGCThread "G1 Conc#0" [stack: 0x0000000247400000,0x0000000247500000] [id=5184]

[error occurred during error reporting (printing all threads), id 0xc0000005, EXCEPTION_ACCESS_VIOLATION (0xc0000005) at pc=0x00007ffb316188a7]

VM state: not at safepoint (not fully initialized)

VM Mutex/Monitor currently owned by a thread:  ([mutex/lock_event])
[0x000001be9ec5c550] Heap_lock - owner thread: 0x000001be9ec5eeb0

Heap address: 0x0000000083600000, size: 1994 MB, Compressed Oops mode: 32-bit

CDS archive(s) mapped at: [0x0000000000000000-0x0000000000000000-0x0000000000000000), size 0, SharedBaseAddress: 0x0000000800000000, ArchiveRelocationMode: 0.
Narrow klass base: 0x0000000000000000, Narrow klass shift: 0, Narrow klass range: 0x0

GC Precious Log:
<Empty>

Heap:
 garbage-first heap   total 0K, used 0K [0x0000000083600000, 0x0000000100000000)
  region size 1024K, 0 young (0K), 0 survivors (0K)

[error occurred during error reporting (printing heap information), id 0xc0000005, EXCEPTION_ACCESS_VIOLATION (0xc0000005) at pc=0x00007ffb319f9f19]

GC Heap History (0 events):
No events

Deoptimization events (0 events):
No events

Classes unloaded (0 events):
No events

Classes redefined (0 events):
No events

Internal exceptions (0 events):
No events

VM Operations (0 events):
No events

Events (1 events):
Event: 0.008 Loaded shared library C:\Program Files\Java\jdk-17.0.2\bin\java.dll


Dynamic libraries:
0x00007ff7646f0000 - 0x00007ff764700000 	C:\Program Files\Java\jdk-17.0.2\bin\java.exe
0x00007ffba5ba0000 - 0x00007ffba5e03000 	C:\WINDOWS\SYSTEM32\ntdll.dll
0x00007ffba4d30000 - 0x00007ffba4df7000 	C:\WINDOWS\System32\KERNEL32.DLL
0x00007ffba32b0000 - 0x00007ffba3677000 	C:\WINDOWS\System32\KERNELBASE.dll
0x00007ffba3000000 - 0x00007ffba314c000 	C:\WINDOWS\System32\ucrtbase.dll
0x00007ffb910f0000 - 0x00007ffb9110a000 	C:\Program Files\Java\jdk-17.0.2\bin\VCRUNTIME140.dll
0x00007ffb87720000 - 0x00007ffb87738000 	C:\Program Files\Java\jdk-17.0.2\bin\jli.dll
0x00007ffba4e00000 - 0x00007ffba4eb4000 	C:\WINDOWS\System32\ADVAPI32.dll
0x00007ffba5ab0000 - 0x00007ffba5b59000 	C:\WINDOWS\System32\msvcrt.dll
0x00007ffba3c30000 - 0x00007ffba3cd6000 	C:\WINDOWS\System32\sechost.dll
0x00007ffba47b0000 - 0x00007ffba48c6000 	C:\WINDOWS\System32\RPCRT4.dll
0x00007ffba3ce0000 - 0x00007ffba3ea9000 	C:\WINDOWS\System32\USER32.dll
0x00007ffba2f40000 - 0x00007ffba2f67000 	C:\WINDOWS\System32\win32u.dll
0x00007ffb848b0000 - 0x00007ffb84b40000 	C:\WINDOWS\WinSxS\amd64_microsoft.windows.common-controls_6595b64144ccf1df_6.0.26100.3037_none_3e09262ce333c378\COMCTL32.dll
0x00007ffba46a0000 - 0x00007ffba46ca000 	C:\WINDOWS\System32\GDI32.dll
0x00007ffba38b0000 - 0x00007ffba39db000 	C:\WINDOWS\System32\gdi32full.dll
0x00007ffba3800000 - 0x00007ffba38a3000 	C:\WINDOWS\System32\msvcp_win.dll
0x00007ffb97ca0000 - 0x00007ffb97cab000 	C:\WINDOWS\SYSTEM32\VERSION.dll
0x00007ffba4fc0000 - 0x00007ffba4fef000 	C:\WINDOWS\System32\IMM32.DLL
0x00007ffb92060000 - 0x00007ffb9206c000 	C:\Program Files\Java\jdk-17.0.2\bin\vcruntime140_1.dll
0x00007ffb83c00000 - 0x00007ffb83c8d000 	C:\Program Files\Java\jdk-17.0.2\bin\msvcp140.dll
0x00007ffb31330000 - 0x00007ffb31ef1000 	C:\Program Files\Java\jdk-17.0.2\bin\server\jvm.dll
0x00007ffba44c0000 - 0x00007ffba44c8000 	C:\WINDOWS\System32\PSAPI.DLL
0x00007ffb934d0000 - 0x00007ffb934da000 	C:\WINDOWS\SYSTEM32\WSOCK32.dll
0x00007ffba4cb0000 - 0x00007ffba4d24000 	C:\WINDOWS\System32\WS2_32.dll
0x00007ffb9f900000 - 0x00007ffb9f936000 	C:\WINDOWS\SYSTEM32\WINMM.dll
0x00007ffba1d40000 - 0x00007ffba1d5a000 	C:\WINDOWS\SYSTEM32\kernel.appcore.dll
0x00007ffb910e0000 - 0x00007ffb910ea000 	C:\Program Files\Java\jdk-17.0.2\bin\jimage.dll
0x00007ffba0820000 - 0x00007ffba0a61000 	C:\WINDOWS\SYSTEM32\DBGHELP.DLL
0x00007ffba5000000 - 0x00007ffba537e000 	C:\WINDOWS\System32\combase.dll
0x00007ffba44d0000 - 0x00007ffba45a6000 	C:\WINDOWS\System32\OLEAUT32.dll
0x00007ffb9f8c0000 - 0x00007ffb9f8f9000 	C:\WINDOWS\SYSTEM32\dbgcore.DLL
0x00007ffba3210000 - 0x00007ffba32a9000 	C:\WINDOWS\System32\bcryptPrimitives.dll
0x00007ffb91080000 - 0x00007ffb910a5000 	C:\Program Files\Java\jdk-17.0.2\bin\java.dll

dbghelp: loaded successfully - version: 4.0.5 - missing functions: none
symbol engine: initialized successfully - sym options: 0x614 - pdb path: .;C:\Program Files\Java\jdk-17.0.2\bin;C:\WINDOWS\SYSTEM32;C:\WINDOWS\WinSxS\amd64_microsoft.windows.common-controls_6595b64144ccf1df_6.0.26100.3037_none_3e09262ce333c378;C:\Program Files\Java\jdk-17.0.2\bin\server

VM Arguments:
jvm_args: -Dfile.encoding=UTF-8 --module-path=C:\Users\dubey\Documents\NetBeansProjects\University Management System\build\classes 
java_command: university.management.system.Login1
java_class_path (initial): C:\Users\dubey\Documents\Learning Java\mysql-connector-java-8.0.28.jar;C:\Users\dubey\Documents\desktop\jcalendar-tz-1.3.3-4.jar;C:\Users\dubey\Documents\desktop\rs2xml.jar;C:\Users\dubey\Documents\NetBeansProjects\University Management System\build\classes
Launcher Type: SUN_STANDARD

[Global flags]
     intx CICompilerCount                          = 4                                         {product} {ergonomic}
     uint ConcGCThreads                            = 2                                         {product} {ergonomic}
     uint G1ConcRefinementThreads                  = 8                                         {product} {ergonomic}
   size_t G1HeapRegionSize                         = 1048576                                   {product} {ergonomic}
    uintx GCDrainStackTargetSize                   = 64                                        {product} {ergonomic}
   size_t InitialHeapSize                          = 132120576                                 {product} {ergonomic}
   size_t MarkStackSize                            = 4194304                                   {product} {ergonomic}
   size_t MaxHeapSize                              = 2090860544                                {product} {ergonomic}
   size_t MinHeapDeltaBytes                        = 1048576                                   {product} {ergonomic}
   size_t MinHeapSize                              = 8388608                                   {product} {ergonomic}
    uintx NonNMethodCodeHeapSize                   = 5839372                                {pd product} {ergonomic}
    uintx NonProfiledCodeHeapSize                  = 122909434                              {pd product} {ergonomic}
    uintx ProfiledCodeHeapSize                     = 122909434                              {pd product} {ergonomic}
    uintx ReservedCodeCacheSize                    = 251658240                              {pd product} {ergonomic}
     bool SegmentedCodeCache                       = true                                      {product} {ergonomic}
   size_t SoftMaxHeapSize                          = 2090860544                             {manageable} {ergonomic}
     bool UseCompressedClassPointers               = true                           {product lp64_product} {ergonomic}
     bool UseCompressedOops                        = true                           {product lp64_product} {ergonomic}
     bool UseG1GC                                  = true                                      {product} {ergonomic}
     bool UseLargePagesIndividualAllocation        = false                                  {pd product} {ergonomic}

Logging:
Log output configuration:
 #0: stdout all=warning uptime,level,tags
 #1: stderr all=off uptime,level,tags

Environment Variables:
PATH=C:\Program Files\Common Files\Oracle\Java\javapath;C:\Program Files\Java\jdk-1.8\bin;C:\WINDOWS\system32;C:\WINDOWS;C:\WINDOWS\System32\Wbem;C:\WINDOWS\System32\WindowsPowerShell\v1.0\;C:\WINDOWS\System32\OpenSSH\;C:\Program Files\Java\jdk-17.0.2\bin;C:\Program Files\MySQL\MySQL Shell 8.0\bin\;C:\Users\dubey\AppData\Local\Microsoft\WindowsApps;C:\Users\dubey\AppData\Local\Programs\Microsoft VS Code\bin
USERNAME=dubey
OS=Windows_NT
PROCESSOR_IDENTIFIER=Intel64 Family 6 Model 140 Stepping 1, GenuineIntel



---------------  S Y S T E M  ---------------

OS:
 Windows 11 , 64 bit Build 26100 (10.0.26100.3037)
OS uptime: 2 days 0:29 hours
Hyper-V role detected

CPU: total 8 (initial active 8) (4 cores per cpu, 2 threads per core) family 6 model 140 stepping 1 microcode 0x8a, cx8, cmov, fxsr, ht, mmx, 3dnowpref, sse, sse2, sse3, ssse3, sse4.1, sse4.2, popcnt, lzcnt, tsc, tscinvbit, avx, avx2, aes, erms, clmul, bmi1, bmi2, adx, avx512f, avx512dq, avx512cd, avx512bw, avx512vl, sha, fma, vzeroupper, avx512_vpopcntdq, avx512_vpclmulqdq, avx512_vaes, avx512_vnni, clflush, clflushopt, clwb, avx512_vbmi2, avx512_vbmi, hv

Memory: 4k page, system-wide physical 7975M (1265M free)
TotalPageFile size 20775M (AvailPageFile size 46M)
current process WorkingSet (physical memory assigned to process): 12M, peak: 12M
current process commit charge ("private bytes"): 60M, peak: 186M

vm_info: Java HotSpot(TM) 64-Bit Server VM (17.0.2+8-LTS-86) for windows-amd64 JRE (17.0.2+8-LTS-86), built on Dec  7 2021 21:51:03 by "mach5one" with MS VC++ 16.8 / 16.9 (VS2019)

END.
